<?xml version="1.0" encoding="UTF-8"?>
<testsuite xmlns:xsi="http://www.w3.org/2001/XMLSchema-instance" xsi:noNamespaceSchemaLocation="https://maven.apache.org/surefire/maven-surefire-plugin/xsd/surefire-test-report-3.0.xsd" version="3.0" name="com.example.demopojo.DemoPojoApplicationTests" time="1.862" tests="1" errors="0" skipped="0" failures="0">
  <properties>
[...]
</properties>
  <testcase name="contextLoads" classname="com.example.demopojo.DemoPojoApplicationTests" time="0.976">
    <system-out><![CDATA[11:45:41.619 [main] INFO org.springframework.test.context.support.AnnotationConfigContextLoaderUtils -- Could not detect default configuration classes for test class [com.example.demopojo.DemoPojoApplicationTests]: DemoPojoApplicationTests does not declare any static, non-private, non-final, nested classes annotated with @Configuration.
11:45:41.689 [main] INFO org.springframework.boot.test.context.SpringBootTestContextBootstrapper -- Found @SpringBootConfiguration com.example.demopojo.DemoPojoApplication for test class com.example.demopojo.DemoPojoApplicationTests

  .   ____          _            __ _ _
 /\\ / ___'_ __ _ _(_)_ __  __ _ \ \ \ \
( ( )\___ | '_ | '_| | '_ \/ _` | \ \ \ \
 \\/  ___)| |_)| | | | | || (_| |  ) ) ) )
  '  |____| .__|_| |_|_| |_\__, | / / / /
 =========|_|==============|___/=/_/_/_/
 :: Spring Boot ::               (v3.2.10)

2026-04-23T11:45:41.986+08:00  INFO 40668 --- [demo-pojo] [           main] c.e.demopojo.DemoPojoApplicationTests    : Starting DemoPojoApplicationTests using Java 17.0.12 with PID 40668 (started by 吴景强 in D:\ccwm01\test\demo02\demo-pojo)
2026-04-23T11:45:41.987+08:00  INFO 40668 --- [demo-pojo] [           main] c.e.demopojo.DemoPojoApplicationTests    : No active profile set, falling back to 1 default profile: "default"
2026-04-23T11:45:42.372+08:00  INFO 40668 --- [demo-pojo] [           main] c.e.demopojo.DemoPojoApplicationTests    : Started DemoPojoApplicationTests in 0.585 seconds (process running for 1.535)
]]></system-out>
  </testcase>
</testsuite>