<?xml version="1.0" encoding="UTF-8"?>
<testsuite xmlns:xsi="http://www.w3.org/2001/XMLSchema-instance" xsi:noNamespaceSchemaLocation="https://maven.apache.org/surefire/maven-surefire-plugin/xsd/surefire-test-report-3.0.xsd" version="3.0" name="com.example.demoserver.DemoServerApplicationTests" time="2.957" tests="1" errors="0" skipped="0" failures="0">
  <properties>
[...]
</properties>
  <testcase name="contextLoads" classname="com.example.demoserver.DemoServerApplicationTests" time="1.185">
    <system-out><![CDATA[11:44:22.702 [main] INFO org.springframework.test.context.support.AnnotationConfigContextLoaderUtils -- Could not detect default configuration classes for test class [com.example.demoserver.DemoServerApplicationTests]: DemoServerApplicationTests does not declare any static, non-private, non-final, nested classes annotated with @Configuration.
11:44:22.775 [main] INFO org.springframework.boot.test.context.SpringBootTestContextBootstrapper -- Found @SpringBootConfiguration com.example.demoserver.DemoServerApplication for test class com.example.demoserver.DemoServerApplicationTests

  .   ____          _            __ _ _
 /\\ / ___'_ __ _ _(_)_ __  __ _ \ \ \ \
( ( )\___ | '_ | '_| | '_ \/ _` | \ \ \ \
 \\/  ___)| |_)| | | | | || (_| |  ) ) ) )
  '  |____| .__|_| |_|_| |_\__, | / / / /
 =========|_|==============|___/=/_/_/_/
 :: Spring Boot ::               (v3.2.10)

2026-04-23T11:44:23.140+08:00  INFO 34672 --- [demo-server] [           main] c.e.d.DemoServerApplicationTests         : Starting DemoServerApplicationTests using Java 17.0.12 with PID 34672 (started by 吴景强 in D:\ccwm01\test\demo02\demo-server)
2026-04-23T11:44:23.142+08:00  INFO 34672 --- [demo-server] [           main] c.e.d.DemoServerApplicationTests         : No active profile set, falling back to 1 default profile: "default"
2026-04-23T11:44:24.287+08:00  INFO 34672 --- [demo-server] [           main] c.e.d.DemoServerApplicationTests         : Started DemoServerApplicationTests in 1.368 seconds (process running for 2.381)
]]></system-out>
  </testcase>
</testsuite>